<?xml version="1.0" encoding="UTF-8"?>
<!-- Generated by org.testng.reporters.JUnitXMLReporter -->
<testsuite ignored="0" hostname="Harsh" failures="1" tests="2" name="OutletFlowTest" time="77.846" errors="0" timestamp="2024-02-20T22:42:09 IST">
  <testcase classname="org.digivalet.portalappautomation.LoginModule.LoginSuccessfully" name="SuccessfullLogin" time="25.656"/>
  <testcase classname="org.digivalet.portalappautomation.outlet.ProductOrdering" name="OrderWithAddonAndModifiers" time="43.447">
    <failure type="org.openqa.selenium.NoSuchElementException" message="An element could not be located on the page using the given search parameters.
For documentation on this error, please visit: https://www.selenium.dev/documentation/webdriver/troubleshooting/errors#no-such-element-exception
Build info: version: &amp;apos;4.18.1&amp;apos;, revision: &amp;apos;b1d3319b48&amp;apos;
System info: os.name: &amp;apos;Windows 11&amp;apos;, os.arch: &amp;apos;amd64&amp;apos;, os.version: &amp;apos;10.0&amp;apos;, java.version: &amp;apos;17.0.9&amp;apos;
Driver info: io.appium.java_client.android.AndroidDriver
Command: [2571fc85-a9e0-4c67-b36e-ee49b1648311, findElement {using=-android uiautomator, value=new UiScrollable(new UiSelector()).scrollIntoView(text(&amp;quot;Harsh Gurjar&amp;quot;));}]
Capabilities {appium:app: C:\Users\harsh\eclipse-work..., appium:appPackage: com.paragon.sensonicstaff, appium:automationName: UIAutomator2, appium:databaseEnabled: false, appium:desired: {app: C:\Users\harsh\eclipse-work..., automationName: UIAutomator2, deviceName: oneplus-cph2467-bd8aaeb4, platformName: ANDROID}, appium:deviceApiLevel: 33, appium:deviceManufacturer: OnePlus, appium:deviceModel: CPH2467, appium:deviceName: bd8aaeb4, appium:deviceScreenDensity: 408, appium:deviceScreenSize: 1080x2400, appium:deviceUDID: bd8aaeb4, appium:javascriptEnabled: true, appium:locationContextEnabled: false, appium:networkConnectionEnabled: true, appium:pixelRatio: 2.55, appium:platformVersion: 13, appium:statBarHeight: 107, appium:takesScreenshot: true, appium:viewportRect: {height: 2186, left: 0, top: 107, width: 1080}, appium:warnings: {}, appium:webStorageEnabled: false, platformName: ANDROID}
Session ID: 2571fc85-a9e0-4c67-b36e-ee49b1648311">
      <![CDATA[org.openqa.selenium.NoSuchElementException: An element could not be located on the page using the given search parameters.
For documentation on this error, please visit: https://www.selenium.dev/documentation/webdriver/troubleshooting/errors#no-such-element-exception
Build info: version: '4.18.1', revision: 'b1d3319b48'
System info: os.name: 'Windows 11', os.arch: 'amd64', os.version: '10.0', java.version: '17.0.9'
Driver info: io.appium.java_client.android.AndroidDriver
Command: [2571fc85-a9e0-4c67-b36e-ee49b1648311, findElement {using=-android uiautomator, value=new UiScrollable(new UiSelector()).scrollIntoView(text("Harsh Gurjar"));}]
Capabilities {appium:app: C:\Users\harsh\eclipse-work..., appium:appPackage: com.paragon.sensonicstaff, appium:automationName: UIAutomator2, appium:databaseEnabled: false, appium:desired: {app: C:\Users\harsh\eclipse-work..., automationName: UIAutomator2, deviceName: oneplus-cph2467-bd8aaeb4, platformName: ANDROID}, appium:deviceApiLevel: 33, appium:deviceManufacturer: OnePlus, appium:deviceModel: CPH2467, appium:deviceName: bd8aaeb4, appium:deviceScreenDensity: 408, appium:deviceScreenSize: 1080x2400, appium:deviceUDID: bd8aaeb4, appium:javascriptEnabled: true, appium:locationContextEnabled: false, appium:networkConnectionEnabled: true, appium:pixelRatio: 2.55, appium:platformVersion: 13, appium:statBarHeight: 107, appium:takesScreenshot: true, appium:viewportRect: {height: 2186, left: 0, top: 107, width: 1080}, appium:warnings: {}, appium:webStorageEnabled: false, platformName: ANDROID}
Session ID: 2571fc85-a9e0-4c67-b36e-ee49b1648311
at org.openqa.selenium.remote.ErrorCodec.decode(ErrorCodec.java:167)
at org.openqa.selenium.remote.codec.w3c.W3CHttpResponseCodec.decode(W3CHttpResponseCodec.java:138)
at org.openqa.selenium.remote.codec.w3c.W3CHttpResponseCodec.decode(W3CHttpResponseCodec.java:50)
at org.openqa.selenium.remote.HttpCommandExecutor.execute(HttpCommandExecutor.java:190)
at io.appium.java_client.remote.AppiumCommandExecutor.execute(AppiumCommandExecutor.java:238)
at org.openqa.selenium.remote.RemoteWebDriver.execute(RemoteWebDriver.java:519)
at org.openqa.selenium.remote.ElementLocation$ElementFinder$2.findElement(ElementLocation.java:165)
at org.openqa.selenium.remote.ElementLocation.findElement(ElementLocation.java:59)
at org.openqa.selenium.remote.RemoteWebDriver.findElement(RemoteWebDriver.java:356)
at org.openqa.selenium.remote.RemoteWebDriver.findElement(RemoteWebDriver.java:350)
at org.digivalet.portalappautomation.utils.AndroidActions.scrollToText(AndroidActions.java:15)
at org.digivalet.portalappautomation.pageObject.android.OutletModule.OutletProductOrdering.selectResidentName(OutletProductOrdering.java:50)
at org.digivalet.portalappautomation.outlet.ProductOrdering.OrderWithAddonAndModifiers(ProductOrdering.java:31)
at java.base/java.util.ArrayList.forEach(ArrayList.java:1511)
... Removed 32 stack frames]]>
    </failure>
  </testcase> <!-- OrderWithAddonAndModifiers -->
</testsuite> <!-- OutletFlowTest -->
