<?xml version="1.0" encoding="UTF-8"?>
<testng-results ignored="0" total="3" passed="2" failed="1" skipped="0">
  <reporter-output>
  </reporter-output>
  <suite started-at="2024-02-25T02:01:01 IST" name="Default suite" finished-at="2024-02-25T02:02:55 IST" duration-ms="114177">
    <groups>
    </groups>
    <test started-at="2024-02-25T02:01:01 IST" name="Default test" finished-at="2024-02-25T02:02:55 IST" duration-ms="114177">
      <class name="org.digivalet.portalappautomation.outlet.ProductOrderingWithQuantityModifierAndAddon">
        <test-method is-config="true" signature="configorAppium()[pri:0, instance:org.digivalet.portalappautomation.outlet.ProductOrderingWithQuantityModifierAndAddon@54c5a2ff]" started-at="2024-02-25T02:01:01 IST" name="configorAppium" finished-at="2024-02-25T02:01:07 IST" duration-ms="6204" status="PASS">
          <reporter-output>
          </reporter-output>
        </test-method> <!-- configorAppium -->
        <test-method signature="SuccessfullLogin(java.util.HashMap)[pri:1, instance:org.digivalet.portalappautomation.outlet.ProductOrderingWithQuantityModifierAndAddon@54c5a2ff]" started-at="2024-02-25T02:01:07 IST" name="SuccessfullLogin" data-provider="getLoginData" finished-at="2024-02-25T02:01:22 IST" duration-ms="14506" status="PASS">
          <params>
            <param index="0">
              <value>
                <![CDATA[{emailAddress=harsh.gurjar1213@yopmail.com, password=Hgurjar731@, incorrectPassword=Hgurjar732@, incorrectEmailAddress=harsh.gurjar1214@yopmail.com}]]>
              </value>
            </param>
          </params>
          <reporter-output>
          </reporter-output>
        </test-method> <!-- SuccessfullLogin -->
        <test-method signature="dataSetter(java.util.HashMap)[pri:2, instance:org.digivalet.portalappautomation.outlet.ProductOrderingWithQuantityModifierAndAddon@54c5a2ff]" started-at="2024-02-25T02:01:22 IST" name="dataSetter" data-provider="getData" finished-at="2024-02-25T02:01:22 IST" duration-ms="2" status="PASS">
          <params>
            <param index="0">
              <value>
                <![CDATA[{outletName=Bar & Kitchen Requests, outletInstance=Riverside Bistro, productQuantity=4, unitNo=4004, Tower A, modifierFamily=Choice of Cheese, addonName=Avocado, residentName=Harry Cooper, modifierQuantity=3, addonQuantity=3, modifierName=Swiss, productName=Classic Cheeseburger}]]>
              </value>
            </param>
          </params>
          <reporter-output>
          </reporter-output>
        </test-method> <!-- dataSetter -->
        <test-method signature="OrderWithQuantityAddonAndModifiers()[pri:3, instance:org.digivalet.portalappautomation.outlet.ProductOrderingWithQuantityModifierAndAddon@54c5a2ff]" started-at="2024-02-25T02:01:22 IST" name="OrderWithQuantityAddonAndModifiers" finished-at="2024-02-25T02:02:54 IST" duration-ms="92413" status="FAIL">
          <exception class="java.lang.AssertionError">
            <message>
              <![CDATA[expected [true] but found [false]]]>
            </message>
            <full-stacktrace>
              <![CDATA[java.lang.AssertionError: expected [true] but found [false]
at org.testng.Assert.fail(Assert.java:111)
at org.testng.Assert.failNotEquals(Assert.java:1578)
at org.testng.Assert.assertEqualsImpl(Assert.java:150)
at org.testng.Assert.assertEquals(Assert.java:132)
at org.testng.Assert.assertEquals(Assert.java:1067)
at org.testng.Assert.assertEquals(Assert.java:1031)
at org.testng.Assert.assertEquals(Assert.java:1077)
at org.digivalet.portalappautomation.pageObject.android.OutletModule.OutletProductOrdering.withoutAddonAndModifierBookingVerification(OutletProductOrdering.java:142)
at org.digivalet.portalappautomation.outlet.ProductOrderingWithQuantityModifierAndAddon.OrderWithQuantityAddonAndModifiers(ProductOrderingWithQuantityModifierAndAddon.java:66)
at java.base/jdk.internal.reflect.NativeMethodAccessorImpl.invoke0(Native Method)
at java.base/jdk.internal.reflect.NativeMethodAccessorImpl.invoke(NativeMethodAccessorImpl.java:77)
at java.base/jdk.internal.reflect.DelegatingMethodAccessorImpl.invoke(DelegatingMethodAccessorImpl.java:43)
at java.base/java.lang.reflect.Method.invoke(Method.java:568)
at org.testng.internal.invokers.MethodInvocationHelper.invokeMethod(MethodInvocationHelper.java:139)
at org.testng.internal.invokers.TestInvoker.invokeMethod(TestInvoker.java:664)
at org.testng.internal.invokers.TestInvoker.invokeTestMethod(TestInvoker.java:227)
at org.testng.internal.invokers.MethodRunner.runInSequence(MethodRunner.java:50)
at org.testng.internal.invokers.TestInvoker$MethodInvocationAgent.invoke(TestInvoker.java:957)
at org.testng.internal.invokers.TestInvoker.invokeTestMethods(TestInvoker.java:200)
at org.testng.internal.invokers.TestMethodWorker.invokeTestMethods(TestMethodWorker.java:148)
at org.testng.internal.invokers.TestMethodWorker.run(TestMethodWorker.java:128)
at java.base/java.util.ArrayList.forEach(ArrayList.java:1511)
at org.testng.TestRunner.privateRun(TestRunner.java:848)
at org.testng.TestRunner.run(TestRunner.java:621)
at org.testng.SuiteRunner.runTest(SuiteRunner.java:443)
at org.testng.SuiteRunner.runSequentially(SuiteRunner.java:437)
at org.testng.SuiteRunner.privateRun(SuiteRunner.java:397)
at org.testng.SuiteRunner.run(SuiteRunner.java:336)
at org.testng.SuiteRunnerWorker.runSuite(SuiteRunnerWorker.java:52)
at org.testng.SuiteRunnerWorker.run(SuiteRunnerWorker.java:95)
at org.testng.TestNG.runSuitesSequentially(TestNG.java:1280)
at org.testng.TestNG.runSuitesLocally(TestNG.java:1200)
at org.testng.TestNG.runSuites(TestNG.java:1114)
at org.testng.TestNG.run(TestNG.java:1082)
at org.testng.remote.AbstractRemoteTestNG.run(AbstractRemoteTestNG.java:115)
at org.testng.remote.RemoteTestNG.initAndRun(RemoteTestNG.java:251)
at org.testng.remote.RemoteTestNG.main(RemoteTestNG.java:77)
]]>
            </full-stacktrace>
          </exception> <!-- java.lang.AssertionError -->
          <reporter-output>
          </reporter-output>
        </test-method> <!-- OrderWithQuantityAddonAndModifiers -->
        <test-method is-config="true" signature="tearDown()[pri:0, instance:org.digivalet.portalappautomation.outlet.ProductOrderingWithQuantityModifierAndAddon@54c5a2ff]" started-at="2024-02-25T02:02:54 IST" name="tearDown" finished-at="2024-02-25T02:02:55 IST" duration-ms="814" status="PASS">
          <reporter-output>
          </reporter-output>
        </test-method> <!-- tearDown -->
      </class> <!-- org.digivalet.portalappautomation.outlet.ProductOrderingWithQuantityModifierAndAddon -->
    </test> <!-- Default test -->
  </suite> <!-- Default suite -->
</testng-results>
